[2024-12-05 오전 5:07:57] [Debug] [Application] service: Tripolygon.UModeler.Hub.HubAuthentication = Tripolygon.UModeler.Hub.HubAuthentication
[2024-12-05 오전 5:07:57] [Debug] [Application] service: Tripolygon.UModeler.UI.IApplicationCache = Tripolygon.UModeler.Editor.UI.UnityEditorApplicationCache
[2024-12-05 오전 5:07:57] [Debug] [Application] service: Tripolygon.UModeler.Hub.IHubService = Tripolygon.UModeler.Hub.HubService
[2024-12-05 오전 5:07:57] [Debug] [Application] service: Tripolygon.UModeler.Authentication.IAuthenticationApiProvider = Tripolygon.UModeler.Editor.AuthenticationApiProviderService
[2024-12-05 오전 5:07:57] [Debug] [Application] service: Tripolygon.UModeler.UI.IObjectHierarchyService = Tripolygon.UModeler.Editor.UI.UnityEditorObjectHierarchyService
[2024-12-05 오전 5:07:57] [Debug] [Application] service: Tripolygon.UModeler.UI.ITextureProvider = Tripolygon.UModeler.Editor.UI.UnityEditorTextureProvider
[2024-12-05 오전 5:07:57] [Debug] [Application] service: Tripolygon.UModeler.UI.IApplicationUtilityService = Tripolygon.UModeler.Editor.UI.UnityEditorApplicationUtilityService
[2024-12-05 오전 5:07:57] [Debug] [Application] service: Tripolygon.UModeler.Editor.UI.ApplicationSettings = Tripolygon.UModeler.Editor.UI.ApplicationSettings
[2024-12-05 오전 5:07:57] [Debug] [Application] service: Tripolygon.UModeler.Hub.Resources.IResourcesApiProvider = Tripolygon.UModeler.Hub.ResourcesApiProviderService
[2024-12-05 오전 5:07:57] [Debug] [Application] service: Tripolygon.UModeler.Hub.HubFlashService = Tripolygon.UModeler.Hub.HubFlashService
[2024-12-05 오전 5:07:57] [Debug] [Application] service: Tripolygon.UModeler.Hub.IHubAnalyticsService = Tripolygon.UModeler.Hub.HubAnalyticsService
[2024-12-05 오전 5:07:57] [Debug] [Application] service: Tripolygon.UModeler.Hub.VSAttributionService = Tripolygon.UModeler.Hub.VSAttributionService
[2024-12-05 오전 5:07:57] [Debug] [Application] service: Tripolygon.UModeler.Hub.Notifications.UpdateHubNotifier = Tripolygon.UModeler.Hub.Notifications.UpdateHubNotifier
[2024-12-05 오전 5:07:57] [Debug] [Application] service: Tripolygon.UModeler.Hub.Notifications.UpdateProductNotifier = Tripolygon.UModeler.Hub.Notifications.UpdateProductNotifier
[2024-12-05 오전 5:07:57] [Debug] [Application] service: Tripolygon.UModeler.Hub.INoticeService = Tripolygon.UModeler.Hub.Noticies.NoticeService
[2024-12-05 오전 5:07:57] [Debug] [Application] service: Tripolygon.UModeler.Hub.Views.SceneViews.HubSceneViewService = Tripolygon.UModeler.Hub.Views.SceneViews.HubSceneViewService
[2024-12-05 오전 5:07:57] [Debug] [Application] Initialize: isReloading=False
[2024-12-05 오전 5:07:57] [Debug] [Application] Service Initialize: Tripolygon.UModeler.Hub.HubAuthentication
[2024-12-05 오전 5:07:57] [Debug] [Application] Service Initialize: Tripolygon.UModeler.Editor.UI.UnityEditorApplicationCache
[2024-12-05 오전 5:07:57] [Debug] [Application] Service Initialize: Tripolygon.UModeler.Hub.HubService
[2024-12-05 오전 5:07:57] [Debug] [Application] Service Initialize: Tripolygon.UModeler.Editor.UI.UnityEditorApplicationUtilityService
[2024-12-05 오전 5:07:57] [Debug] [Application] Service Initialize: Tripolygon.UModeler.Hub.HubFlashService
[2024-12-05 오전 5:07:57] [Debug] [HubAnalytics] PosthogClient.SetAutoFlush: Value Changed: True
[2024-12-05 오전 5:07:57] [Debug] [Application] Service Initialize: Tripolygon.UModeler.Hub.HubAnalyticsService
[2024-12-05 오전 5:07:57] [Debug] [Application] Service Initialize: Tripolygon.UModeler.Hub.VSAttributionService
[2024-12-05 오전 5:07:57] [Debug] [Application] Service Initialize: Tripolygon.UModeler.Hub.Notifications.UpdateHubNotifier
[2024-12-05 오전 5:07:57] [Debug] [Application] Service Initialize: Tripolygon.UModeler.Hub.Notifications.UpdateProductNotifier
[2024-12-05 오전 5:07:57] [Debug] [Application] Service Initialize: Tripolygon.UModeler.Hub.Noticies.NoticeService
[2024-12-05 오전 5:07:57] [Debug] [Application] Service Initialize: Tripolygon.UModeler.Hub.Views.SceneViews.HubSceneViewService
[2024-12-05 오전 5:08:13] [Debug] [HubAnalytics] OnAppStart
[2024-12-05 오전 5:08:17] [Debug] [HubAnalytics] PosthogClient.BatchAsync: Sending Queue Items={"api_key":"phc_DQ6tsN03HRXTr9hNBfi3DierOY5Y0SisUxgxjuAmZG5","batch":[{"event":"app start","properties":{"$set":{"sdk_region_id":"ko-KR","sdk_region_name":"South Korea","sdk_language":"Korean","sdk_os_architecture":"X64","sdk_time_zone":"Korea Standard Time","product_version":"1.0.0","platform_account_id":"anonymous","platform_account_name":"GS4bk6uz1KYgD5FBQpEGfY068bQjQ2DN4TCN0mRGC6/uyP2RCDKMT+KGd0sLL2ZAgNM3Hmnz53XYi35jPDVapqCJBkTlVfLWZIBjFt6DHCJSpgSD0M4VqlXBogUu9oRKilMbJP1L2w2ZxRD80x3pwt1JK5CArZpoGULJqGPz+uwAd0xJmcOpBrfx75BbH8WvvJHH7gWweEepgc4oxk+hHcPIFdTdSd7mmG33rY3kP0mckH18k3Bp2pg9IkN0jytnNHrZEH8n9erdfnrlpmFWiSnpBXxkqzYro5w6NOLSouZL8OpKgWqPHS4FJKRK+sIjAVVHGUULwq1pkwiFntkH7A=="},"$os":"WINDOWS","$os_name":"WINDOWS","$session_id":"ecbb771a-46d8-4e62-a083-4f4311d5226e_b2b09de1-63e9-4b85-b290-0eeb0d68fe87","distinct_id":"c2c515d832ab7eedda8145195b46419eab1aee40","product_name":"UModeler Hub","product_version":"1.0.0","platform_name":"Unity","platform_version":"2022.3.41f1","screen_width":1920,"screen_height":1080,"viewport_width":640,"viewport_height":480,"unity_systeminfo_language":"Korean","unity_systeminfo_os":"Windows 11  (10.0.22631) 64bit","unity_systeminfo_graphicsDeviceType":"Direct3D11","unity_systeminfo_graphicsDeviceVendor":"NVIDIA","unity_systeminfo_graphicsDeviceName":"NVIDIA GeForce RTX 4070 Ti","unity_systeminfo_deviceType":"Desktop","unity_systeminfo_processorType":"13th Gen Intel(R) Core(TM) i7-13700K"},"timestamp":"2024-12-04T20:08:13.7485457Z"}]}
[2024-12-05 오전 5:08:18] [Debug] [HubAnalytics] PosthogClient.BatchAsync: Sent 1 queue item(s).
[2024-12-05 오전 5:16:59] [Debug] [Application] service: Tripolygon.UModeler.Hub.HubAuthentication = Tripolygon.UModeler.Hub.HubAuthentication
[2024-12-05 오전 5:16:59] [Debug] [Application] service: Tripolygon.UModeler.UI.IApplicationCache = Tripolygon.UModeler.Editor.UI.UnityEditorApplicationCache
[2024-12-05 오전 5:16:59] [Debug] [Application] service: Tripolygon.UModeler.Hub.IHubService = Tripolygon.UModeler.Hub.HubService
[2024-12-05 오전 5:16:59] [Debug] [Application] service: Tripolygon.UModeler.Authentication.IAuthenticationApiProvider = Tripolygon.UModeler.Editor.AuthenticationApiProviderService
[2024-12-05 오전 5:16:59] [Debug] [Application] service: Tripolygon.UModeler.UI.IObjectHierarchyService = Tripolygon.UModeler.Editor.UI.UnityEditorObjectHierarchyService
[2024-12-05 오전 5:16:59] [Debug] [Application] service: Tripolygon.UModeler.UI.ITextureProvider = Tripolygon.UModeler.Editor.UI.UnityEditorTextureProvider
[2024-12-05 오전 5:16:59] [Debug] [Application] service: Tripolygon.UModeler.UI.IApplicationUtilityService = Tripolygon.UModeler.Editor.UI.UnityEditorApplicationUtilityService
[2024-12-05 오전 5:16:59] [Debug] [Application] service: Tripolygon.UModeler.Editor.UI.ApplicationSettings = Tripolygon.UModeler.Editor.UI.ApplicationSettings
[2024-12-05 오전 5:16:59] [Debug] [Application] service: Tripolygon.UModeler.Hub.Resources.IResourcesApiProvider = Tripolygon.UModeler.Hub.ResourcesApiProviderService
[2024-12-05 오전 5:16:59] [Debug] [Application] service: Tripolygon.UModeler.Hub.HubFlashService = Tripolygon.UModeler.Hub.HubFlashService
[2024-12-05 오전 5:16:59] [Debug] [Application] service: Tripolygon.UModeler.Hub.IHubAnalyticsService = Tripolygon.UModeler.Hub.HubAnalyticsService
[2024-12-05 오전 5:16:59] [Debug] [Application] service: Tripolygon.UModeler.Hub.VSAttributionService = Tripolygon.UModeler.Hub.VSAttributionService
[2024-12-05 오전 5:16:59] [Debug] [Application] service: Tripolygon.UModeler.Hub.Notifications.UpdateHubNotifier = Tripolygon.UModeler.Hub.Notifications.UpdateHubNotifier
[2024-12-05 오전 5:16:59] [Debug] [Application] service: Tripolygon.UModeler.Hub.Notifications.UpdateProductNotifier = Tripolygon.UModeler.Hub.Notifications.UpdateProductNotifier
[2024-12-05 오전 5:16:59] [Debug] [Application] service: Tripolygon.UModeler.Hub.INoticeService = Tripolygon.UModeler.Hub.Noticies.NoticeService
[2024-12-05 오전 5:16:59] [Debug] [Application] service: Tripolygon.UModeler.Hub.Views.SceneViews.HubSceneViewService = Tripolygon.UModeler.Hub.Views.SceneViews.HubSceneViewService
[2024-12-05 오전 5:16:59] [Debug] [Application] service: Tripolygon.UModeler.Hub.HubAuthentication = Tripolygon.UModeler.Hub.HubAuthentication
[2024-12-05 오전 5:16:59] [Debug] [Application] service: Tripolygon.UModeler.UI.IApplicationCache = Tripolygon.UModeler.Editor.UI.UnityEditorApplicationCache
[2024-12-05 오전 5:16:59] [Debug] [Application] service: Tripolygon.UModeler.Hub.IHubService = Tripolygon.UModeler.Hub.HubService
[2024-12-05 오전 5:16:59] [Debug] [Application] Service Initialize: Tripolygon.UModeler.Hub.HubAuthentication
[2024-12-05 오전 5:16:59] [Debug] [Application] service: Tripolygon.UModeler.Authentication.IAuthenticationApiProvider = Tripolygon.UModeler.Editor.AuthenticationApiProviderService
[2024-12-05 오전 5:16:59] [Debug] [Application] service: Tripolygon.UModeler.UI.IObjectHierarchyService = Tripolygon.UModeler.Editor.UI.UnityEditorObjectHierarchyService
[2024-12-05 오전 5:16:59] [Debug] [Application] service: Tripolygon.UModeler.UI.ITextureProvider = Tripolygon.UModeler.Editor.UI.UnityEditorTextureProvider
[2024-12-05 오전 5:16:59] [Debug] [Application] service: Tripolygon.UModeler.UI.IApplicationUtilityService = Tripolygon.UModeler.Editor.UI.UnityEditorApplicationUtilityService
[2024-12-05 오전 5:16:59] [Debug] [Application] service: Tripolygon.UModeler.Editor.UI.ApplicationSettings = Tripolygon.UModeler.Editor.UI.ApplicationSettings
[2024-12-05 오전 5:16:59] [Debug] [Application] Service Initialize: Tripolygon.UModeler.Editor.UI.UnityEditorApplicationCache
[2024-12-05 오전 5:16:59] [Debug] [Application] service: Tripolygon.UModeler.Hub.Resources.IResourcesApiProvider = Tripolygon.UModeler.Hub.ResourcesApiProviderService
[2024-12-05 오전 5:16:59] [Debug] [Application] service: Tripolygon.UModeler.Hub.HubFlashService = Tripolygon.UModeler.Hub.HubFlashService
[2024-12-05 오전 5:16:59] [Debug] [Application] service: Tripolygon.UModeler.Hub.IHubAnalyticsService = Tripolygon.UModeler.Hub.HubAnalyticsService
[2024-12-05 오전 5:16:59] [Debug] [Application] service: Tripolygon.UModeler.Hub.VSAttributionService = Tripolygon.UModeler.Hub.VSAttributionService
[2024-12-05 오전 5:16:59] [Debug] [Application] service: Tripolygon.UModeler.Hub.Notifications.UpdateHubNotifier = Tripolygon.UModeler.Hub.Notifications.UpdateHubNotifier
[2024-12-05 오전 5:16:59] [Debug] [Application] service: Tripolygon.UModeler.Hub.Notifications.UpdateProductNotifier = Tripolygon.UModeler.Hub.Notifications.UpdateProductNotifier
[2024-12-05 오전 5:16:59] [Debug] [Application] service: Tripolygon.UModeler.Hub.INoticeService = Tripolygon.UModeler.Hub.Noticies.NoticeService
[2024-12-05 오전 5:16:59] [Debug] [Application] service: Tripolygon.UModeler.Hub.Views.SceneViews.HubSceneViewService = Tripolygon.UModeler.Hub.Views.SceneViews.HubSceneViewService
[2024-12-05 오전 5:16:59] [Debug] [Application] Initialize: isReloading=False
[2024-12-05 오전 5:16:59] [Debug] [Application] Service Initialize: Tripolygon.UModeler.Hub.HubAuthentication
[2024-12-05 오전 5:16:59] [Debug] [Application] Service Initialize: Tripolygon.UModeler.Editor.UI.UnityEditorApplicationCache
[2024-12-05 오전 5:16:59] [Debug] [Application] Service Initialize: Tripolygon.UModeler.Hub.HubService
[2024-12-05 오전 5:16:59] [Debug] [Application] Service Initialize: Tripolygon.UModeler.Editor.UI.UnityEditorApplicationUtilityService
[2024-12-05 오전 5:16:59] [Debug] [Application] Service Initialize: Tripolygon.UModeler.Hub.HubFlashService
[2024-12-05 오전 5:16:59] [Debug] [Application] Service Initialize: Tripolygon.UModeler.Hub.HubService
[2024-12-05 오전 5:16:59] [Debug] [Application] Service Initialize: Tripolygon.UModeler.Editor.UI.UnityEditorApplicationUtilityService
[2024-12-05 오전 5:16:59] [Debug] [Application] Service Initialize: Tripolygon.UModeler.Hub.HubFlashService
[2024-12-05 오전 5:16:59] [Debug] [HubAnalytics] PosthogClient.SetAutoFlush: Value Changed: True
[2024-12-05 오전 5:16:59] [Debug] [HubAnalytics] PosthogClient.SetAutoFlush: Value Changed: True
[2024-12-05 오전 5:16:59] [Debug] [Application] Service Initialize: Tripolygon.UModeler.Hub.HubAnalyticsService
[2024-12-05 오전 5:16:59] [Debug] [Application] Service Initialize: Tripolygon.UModeler.Hub.VSAttributionService
[2024-12-05 오전 5:16:59] [Debug] [Application] Service Initialize: Tripolygon.UModeler.Hub.Notifications.UpdateHubNotifier
[2024-12-05 오전 5:16:59] [Debug] [Application] Service Initialize: Tripolygon.UModeler.Hub.Notifications.UpdateProductNotifier
[2024-12-05 오전 5:16:59] [Debug] [Application] Service Initialize: Tripolygon.UModeler.Hub.Noticies.NoticeService
[2024-12-05 오전 5:16:59] [Debug] [Application] Service Initialize: Tripolygon.UModeler.Hub.HubAnalyticsService
[2024-12-05 오전 5:16:59] [Debug] [Application] Service Initialize: Tripolygon.UModeler.Hub.VSAttributionService
[2024-12-05 오전 5:16:59] [Debug] [Application] Service Initialize: Tripolygon.UModeler.Hub.Views.SceneViews.HubSceneViewService
[2024-12-05 오전 5:16:59] [Debug] [Application] Service Initialize: Tripolygon.UModeler.Hub.Notifications.UpdateHubNotifier
[2024-12-05 오전 5:16:59] [Debug] [Application] Service Initialize: Tripolygon.UModeler.Hub.Notifications.UpdateProductNotifier
[2024-12-05 오전 5:16:59] [Debug] [Application] Service Initialize: Tripolygon.UModeler.Hub.Noticies.NoticeService
[2024-12-05 오전 5:16:59] [Debug] [Application] Service Initialize: Tripolygon.UModeler.Hub.Views.SceneViews.HubSceneViewService
[2024-12-05 오후 1:56:26] [Debug] [Application] Release: isReloading=False
[2024-12-05 오후 1:56:26] [Debug] [Application] Service Release: Tripolygon.UModeler.Hub.Views.SceneViews.HubSceneViewService
[2024-12-05 오후 1:56:26] [Debug] [Application] Service Release: Tripolygon.UModeler.Hub.Noticies.NoticeService
[2024-12-05 오후 1:56:26] [Debug] [Application] Service Release: Tripolygon.UModeler.Hub.Notifications.UpdateProductNotifier
[2024-12-05 오후 1:56:26] [Debug] [Application] Service Release: Tripolygon.UModeler.Hub.Notifications.UpdateHubNotifier
[2024-12-05 오후 1:56:26] [Debug] [Application] Service Release: Tripolygon.UModeler.Hub.VSAttributionService
[2024-12-05 오후 1:56:26] [Debug] [HubAnalytics] OnAppEnd
[2024-12-05 오후 1:56:26] [Debug] [HubAnalytics] PosthogClient.SetAutoFlush: Value Changed: False
[2024-12-05 오후 1:56:26] [Debug] [HubAnalytics] PosthogClient.BatchAsync: Sending Queue Items={"api_key":"phc_DQ6tsN03HRXTr9hNBfi3DierOY5Y0SisUxgxjuAmZG5","batch":[{"event":"app end","properties":{"$set":{"sdk_region_id":"ko-KR","sdk_region_name":"South Korea","sdk_language":"Korean","sdk_os_architecture":"X64","sdk_time_zone":"Korea Standard Time","product_version":"1.0.0"},"$os":"WINDOWS","$os_name":"WINDOWS","$session_id":"ecbb771a-46d8-4e62-a083-4f4311d5226e_b2b09de1-63e9-4b85-b290-0eeb0d68fe87","distinct_id":"c2c515d832ab7eedda8145195b46419eab1aee40","product_name":"UModeler Hub","product_version":"1.0.0","platform_name":"Unity","platform_version":"2022.3.41f1","screen_width":1920,"screen_height":1080,"viewport_width":640,"viewport_height":480,"unity_systeminfo_language":"Korean","unity_systeminfo_os":"Windows 11  (10.0.22631) 64bit","unity_systeminfo_graphicsDeviceType":"Direct3D11","unity_systeminfo_graphicsDeviceVendor":"NVIDIA","unity_systeminfo_graphicsDeviceName":"NVIDIA GeForce RTX 4070 Ti","unity_systeminfo_deviceType":"Desktop","unity_systeminfo_processorType":"13th Gen Intel(R) Core(TM) i7-13700K"},"timestamp":"2024-12-05T04:56:26.8210824Z"}]}
[2024-12-05 오후 1:56:27] [Debug] [HubAnalytics] PosthogClient.BatchAsync: Sent 1 queue item(s).
[2024-12-05 오후 1:56:27] [Debug] [Application] Service Release: Tripolygon.UModeler.Hub.HubAnalyticsService
[2024-12-05 오후 1:56:27] [Debug] [Application] Service Release: Tripolygon.UModeler.Hub.HubFlashService
[2024-12-05 오후 1:56:27] [Debug] [Application] Service Release: Tripolygon.UModeler.Editor.UI.UnityEditorApplicationUtilityService
[2024-12-05 오후 1:56:27] [Debug] [Application] Service Release: Tripolygon.UModeler.Hub.HubService
[2024-12-05 오후 1:56:27] [Debug] [Application] Service Release: Tripolygon.UModeler.Editor.UI.UnityEditorApplicationCache
[2024-12-05 오후 1:56:27] [Debug] [Application] Service Release: Tripolygon.UModeler.Hub.HubAuthentication
